# JRE version: Java(TM) SE Runtime Environment (17.0.15+9) (build 17.0.15+9-LTS-241)
# Java VM: Java HotSpot(TM) 64-Bit Server VM (17.0.15+9-LTS-241, mixed mode, sharing, tiered, compressed oops, compressed class ptrs, g1 gc, windows-amd64)
GC Precious Log:
 CPUs: 4 total, 4 available
 Memory: 16253M
 Large Page Support: Disabled
 NUMA Support: Disabled
 Compressed Oops: Enabled (32-bit)
 Heap Region Size: 1M
 Heap Min Capacity: 8M
 Heap Initial Capacity: 254M
 Heap Max Capacity: 2G
 Pre-touch: Disabled
 Parallel Workers: 4
 Concurrent Workers: 1
 Concurrent Refinement Workers: 4
 Periodic GC: Disabled
Heap:
 garbage-first heap   total 486400K, used 266317K [0x0000000080000000, 0x0000000100000000)
  region size 1024K, 2 young (2048K), 2 survivors (2048K)
 Metaspace       used 138295K, committed 139712K, reserved 557056K
  class space    used 18640K, committed 19328K, reserved 425984K
GC Heap History (20 events):
Event: 96.426 GC heap after
{Heap after GC invocations=96 (full 0):
 garbage-first heap   total 418816K, used 252264K [0x0000000080000000, 0x0000000100000000)
  region size 1024K, 3 young (3072K), 3 survivors (3072K)
 Metaspace       used 131872K, committed 133120K, reserved 557056K
  class space    used 17764K, committed 18368K, reserved 425984K
}
Event: 96.550 GC heap before
{Heap before GC invocations=96 (full 0):
 garbage-first heap   total 418816K, used 270696K [0x0000000080000000, 0x0000000100000000)
  region size 1024K, 4 young (4096K), 3 survivors (3072K)
 Metaspace       used 131872K, committed 133120K, reserved 557056K
  class space    used 17764K, committed 18368K, reserved 425984K
}
Event: 96.555 GC heap after
{Heap after GC invocations=97 (full 0):
 garbage-first heap   total 418816K, used 252357K [0x0000000080000000, 0x0000000100000000)
  region size 1024K, 3 young (3072K), 3 survivors (3072K)
 Metaspace       used 131872K, committed 133120K, reserved 557056K
  class space    used 17764K, committed 18368K, reserved 425984K
}
Event: 96.700 GC heap before
{Heap before GC invocations=97 (full 0):
 garbage-first heap   total 418816K, used 268741K [0x0000000080000000, 0x0000000100000000)
  region size 1024K, 4 young (4096K), 3 survivors (3072K)
 Metaspace       used 131872K, committed 133120K, reserved 557056K
  class space    used 17764K, committed 18368K, reserved 425984K
}
Event: 96.705 GC heap after
{Heap after GC invocations=98 (full 0):
 garbage-first heap   total 486400K, used 252252K [0x0000000080000000, 0x0000000100000000)
  region size 1024K, 3 young (3072K), 3 survivors (3072K)
 Metaspace       used 131872K, committed 133120K, reserved 557056K
  class space    used 17764K, committed 18368K, reserved 425984K
}
Event: 96.858 GC heap before
{Heap before GC invocations=98 (full 0):
 garbage-first heap   total 486400K, used 274780K [0x0000000080000000, 0x0000000100000000)
  region size 1024K, 4 young (4096K), 3 survivors (3072K)
 Metaspace       used 131872K, committed 133120K, reserved 557056K
  class space    used 17764K, committed 18368K, reserved 425984K
}
Event: 96.864 GC heap after
{Heap after GC invocations=99 (full 0):
 garbage-first heap   total 486400K, used 252406K [0x0000000080000000, 0x0000000100000000)
  region size 1024K, 3 young (3072K), 3 survivors (3072K)
 Metaspace       used 131872K, committed 133120K, reserved 557056K
  class space    used 17764K, committed 18368K, reserved 425984K
}
Event: 97.029 GC heap before
{Heap before GC invocations=99 (full 0):
 garbage-first heap   total 486400K, used 272886K [0x0000000080000000, 0x0000000100000000)
  region size 1024K, 4 young (4096K), 3 survivors (3072K)
 Metaspace       used 131872K, committed 133120K, reserved 557056K
  class space    used 17764K, committed 18368K, reserved 425984K
}
Event: 97.035 GC heap after
{Heap after GC invocations=100 (full 0):
 garbage-first heap   total 486400K, used 252406K [0x0000000080000000, 0x0000000100000000)
  region size 1024K, 3 young (3072K), 3 survivors (3072K)
 Metaspace       used 131872K, committed 133120K, reserved 557056K
  class space    used 17764K, committed 18368K, reserved 425984K
}
Event: 6134.996 GC heap before
{Heap before GC invocations=100 (full 0):
 garbage-first heap   total 486400K, used 449014K [0x0000000080000000, 0x0000000100000000)
  region size 1024K, 179 young (183296K), 3 survivors (3072K)
 Metaspace       used 134411K, committed 135680K, reserved 557056K
  class space    used 18099K, committed 18688K, reserved 425984K
}
Event: 6135.297 GC heap after
{Heap after GC invocations=101 (full 0):
 garbage-first heap   total 486400K, used 242003K [0x0000000080000000, 0x0000000100000000)
  region size 1024K, 3 young (3072K), 3 survivors (3072K)
 Metaspace       used 134411K, committed 135680K, reserved 557056K
  class space    used 18099K, committed 18688K, reserved 425984K
}
Event: 6269.970 GC heap before
{Heap before GC invocations=101 (full 0):
 garbage-first heap   total 486400K, used 430419K [0x0000000080000000, 0x0000000100000000)
  region size 1024K, 188 young (192512K), 3 survivors (3072K)
 Metaspace       used 135363K, committed 136832K, reserved 557056K
  class space    used 18179K, committed 18880K, reserved 425984K
}
Event: 6270.069 GC heap after
{Heap after GC invocations=102 (full 0):
 garbage-first heap   total 486400K, used 258802K [0x0000000080000000, 0x0000000100000000)
  region size 1024K, 20 young (20480K), 20 survivors (20480K)
 Metaspace       used 135363K, committed 136832K, reserved 557056K
  class space    used 18179K, committed 18880K, reserved 425984K
}
Event: 6270.812 GC heap before
{Heap before GC invocations=102 (full 0):
 garbage-first heap   total 486400K, used 278258K [0x0000000080000000, 0x0000000100000000)
  region size 1024K, 39 young (39936K), 20 survivors (20480K)
 Metaspace       used 135820K, committed 137216K, reserved 557056K
  class space    used 18239K, committed 18880K, reserved 425984K
}
Event: 6270.939 GC heap after
{Heap after GC invocations=103 (full 0):
 garbage-first heap   total 486400K, used 262715K [0x0000000080000000, 0x0000000100000000)
  region size 1024K, 4 young (4096K), 4 survivors (4096K)
 Metaspace       used 135820K, committed 137216K, reserved 557056K
  class space    used 18239K, committed 18880K, reserved 425984K
}
Event: 6275.280 GC heap before
{Heap before GC invocations=103 (full 0):
 garbage-first heap   total 486400K, used 326203K [0x0000000080000000, 0x0000000100000000)
  region size 1024K, 67 young (68608K), 4 survivors (4096K)
 Metaspace       used 138282K, committed 139712K, reserved 557056K
  class space    used 18639K, committed 19328K, reserved 425984K
}
Event: 6275.942 GC heap after
{Heap after GC invocations=104 (full 0):
 garbage-first heap   total 486400K, used 264763K [0x0000000080000000, 0x0000000100000000)
  region size 1024K, 6 young (6144K), 6 survivors (6144K)
 Metaspace       used 138282K, committed 139712K, reserved 557056K
  class space    used 18639K, committed 19328K, reserved 425984K
}
Event: 6276.045 GC heap before
{Heap before GC invocations=104 (full 0):
 garbage-first heap   total 486400K, used 282171K [0x0000000080000000, 0x0000000100000000)
  region size 1024K, 23 young (23552K), 6 survivors (6144K)
 Metaspace       used 138289K, committed 139712K, reserved 557056K
  class space    used 18640K, committed 19328K, reserved 425984K
}
Event: 6276.605 GC heap after
{Heap after GC invocations=105 (full 0):
 garbage-first heap   total 486400K, used 265612K [0x0000000080000000, 0x0000000100000000)
  region size 1024K, 2 young (2048K), 2 survivors (2048K)
 Metaspace       used 138289K, committed 139712K, reserved 557056K
  class space    used 18640K, committed 19328K, reserved 425984K
}
Event: 6276.896 GC heap before
{Heap before GC invocations=105 (full 0):
 garbage-first heap   total 486400K, used 287116K [0x0000000080000000, 0x0000000100000000)
  region size 1024K, 23 young (23552K), 2 survivors (2048K)
 Metaspace       used 138295K, committed 139712K, reserved 557056K
  class space    used 18640K, committed 19328K, reserved 425984K
}

